<?xml version="1.0" encoding="UTF-8"?>
<testsuite xmlns:xsi="http://www.w3.org/2001/XMLSchema-instance" xsi:noNamespaceSchemaLocation="https://maven.apache.org/surefire/maven-surefire-plugin/xsd/surefire-test-report.xsd" name="testrunner.TestRun" time="630.288" tests="3" errors="1" skipped="0" failures="1">
  <properties>
[...]
</properties>
  <testcase name="Successful Login with Valid Credentials" classname="Login" time="604.35">
    <error message="session not created&#10;from timeout: Timed out receiving message from renderer: 600.000&#10;  (Session info: chrome=87.0.4280.88)&#10;Build info: version: &apos;3.141.59&apos;, revision: &apos;e82be7d358&apos;, time: &apos;2018-11-14T08:17:03&apos;&#10;System info: host: &apos;DESKTOP-253U4FA&apos;, ip: &apos;10.0.0.223&apos;, os.name: &apos;Windows 10&apos;, os.arch: &apos;amd64&apos;, os.version: &apos;10.0&apos;, java.version: &apos;1.8.0_191&apos;&#10;Driver info: driver.version: ChromeDriver&#10;remote stacktrace: Backtrace:&#10;	Ordinal0 [0x0078C013+3194899]&#10;	Ordinal0 [0x00676021+2056225]&#10;	Ordinal0 [0x0050F608+587272]&#10;	Ordinal0 [0x005036EC+538348]&#10;	Ordinal0 [0x00502A6F+535151]&#10;	Ordinal0 [0x00502E45+536133]&#10;	Ordinal0 [0x005027A5+534437]&#10;	Ordinal0 [0x0050BBC9+572361]&#10;	Ordinal0 [0x00502754+534356]&#10;	Ordinal0 [0x00503475+537717]&#10;	Ordinal0 [0x00502A6F+535151]&#10;	Ordinal0 [0x00502E45+536133]&#10;	Ordinal0 [0x005027A5+534437]&#10;	Ordinal0 [0x00509EFE+564990]&#10;	Ordinal0 [0x00502754+534356]&#10;	Ordinal0 [0x00503475+537717]&#10;	Ordinal0 [0x00502A6F+535151]&#10;	Ordinal0 [0x00502E45+536133]&#10;	Ordinal0 [0x005027A5+534437]&#10;	Ordinal0 [0x00508186+557446]&#10;	Ordinal0 [0x00502754+534356]&#10;	Ordinal0 [0x00503475+537717]&#10;	Ordinal0 [0x00502A6F+535151]&#10;	Ordinal0 [0x00502E45+536133]&#10;	Ordinal0 [0x005027A5+534437]&#10;	Ordinal0 [0x005074A7+554151]&#10;	Ordinal0 [0x00502754+534356]&#10;	Ordinal0 [0x00503475+537717]&#10;	Ordinal0 [0x00502A6F+535151]&#10;	Ordinal0 [0x00502E45+536133]&#10;	Ordinal0 [0x005027A5+534437]&#10;	Ordinal0 [0x004FF06C+520300]&#10;	Ordinal0 [0x00502754+534356]&#10;	Ordinal0 [0x005025BF+533951]&#10;	Ordinal0 [0x005023D3+533459]&#10;	Ordinal0 [0x00510620+591392]&#10;	Ordinal0 [0x004B2A0C+207372]&#10;	Ordinal0 [0x004B1D0D+204045]&#10;	Ordinal0 [0x004AFC1B+195611]&#10;	Ordinal0 [0x00493B7F+80767]&#10;	Ordinal0 [0x00494B4E+84814]&#10;	Ordinal0 [0x00494AD9+84697]&#10;	Ordinal0 [0x0068CE64+2149988]&#10;	GetHandleVerifier [0x008FBE95+1400773]&#10;	GetHandleVerifier [0x008FBB61+1399953]&#10;	GetHandleVerifier [0x009031FA+1430314]&#10;	GetHandleVerifier [0x008FC69F+1402831]&#10;	Ordinal0 [0x00683D61+2112865]&#10;	Ordinal0 [0x0068E5CB+2155979]&#10;	Ordinal0 [0x0068E6F5+2156277]&#10;	Ordinal0 [0x0069F26E+2224750]&#10;	BaseThreadInitThunk [0x75CEFA29+25]&#10;	RtlGetAppContainerNamedObjectPath [0x77C975F4+228]&#10;	RtlGetAppContainerNamedObjectPath [0x77C975C4+180]&#10;" type="org.openqa.selenium.SessionNotCreatedException">org.openqa.selenium.SessionNotCreatedException: 
session not created
from timeout: Timed out receiving message from renderer: 600.000
  (Session info: chrome=87.0.4280.88)
Build info: version: '3.141.59', revision: 'e82be7d358', time: '2018-11-14T08:17:03'
System info: host: 'DESKTOP-253U4FA', ip: '10.0.0.223', os.name: 'Windows 10', os.arch: 'amd64', os.version: '10.0', java.version: '1.8.0_191'
Driver info: driver.version: ChromeDriver
remote stacktrace: Backtrace:
	Ordinal0 [0x0078C013+3194899]
	Ordinal0 [0x00676021+2056225]
	Ordinal0 [0x0050F608+587272]
	Ordinal0 [0x005036EC+538348]
	Ordinal0 [0x00502A6F+535151]
	Ordinal0 [0x00502E45+536133]
	Ordinal0 [0x005027A5+534437]
	Ordinal0 [0x0050BBC9+572361]
	Ordinal0 [0x00502754+534356]
	Ordinal0 [0x00503475+537717]
	Ordinal0 [0x00502A6F+535151]
	Ordinal0 [0x00502E45+536133]
	Ordinal0 [0x005027A5+534437]
	Ordinal0 [0x00509EFE+564990]
	Ordinal0 [0x00502754+534356]
	Ordinal0 [0x00503475+537717]
	Ordinal0 [0x00502A6F+535151]
	Ordinal0 [0x00502E45+536133]
	Ordinal0 [0x005027A5+534437]
	Ordinal0 [0x00508186+557446]
	Ordinal0 [0x00502754+534356]
	Ordinal0 [0x00503475+537717]
	Ordinal0 [0x00502A6F+535151]
	Ordinal0 [0x00502E45+536133]
	Ordinal0 [0x005027A5+534437]
	Ordinal0 [0x005074A7+554151]
	Ordinal0 [0x00502754+534356]
	Ordinal0 [0x00503475+537717]
	Ordinal0 [0x00502A6F+535151]
	Ordinal0 [0x00502E45+536133]
	Ordinal0 [0x005027A5+534437]
	Ordinal0 [0x004FF06C+520300]
	Ordinal0 [0x00502754+534356]
	Ordinal0 [0x005025BF+533951]
	Ordinal0 [0x005023D3+533459]
	Ordinal0 [0x00510620+591392]
	Ordinal0 [0x004B2A0C+207372]
	Ordinal0 [0x004B1D0D+204045]
	Ordinal0 [0x004AFC1B+195611]
	Ordinal0 [0x00493B7F+80767]
	Ordinal0 [0x00494B4E+84814]
	Ordinal0 [0x00494AD9+84697]
	Ordinal0 [0x0068CE64+2149988]
	GetHandleVerifier [0x008FBE95+1400773]
	GetHandleVerifier [0x008FBB61+1399953]
	GetHandleVerifier [0x009031FA+1430314]
	GetHandleVerifier [0x008FC69F+1402831]
	Ordinal0 [0x00683D61+2112865]
	Ordinal0 [0x0068E5CB+2155979]
	Ordinal0 [0x0068E6F5+2156277]
	Ordinal0 [0x0069F26E+2224750]
	BaseThreadInitThunk [0x75CEFA29+25]
	RtlGetAppContainerNamedObjectPath [0x77C975F4+228]
	RtlGetAppContainerNamedObjectPath [0x77C975C4+180]

</error>
    <system-out><![CDATA[Feature: Login

  Scenario: Successful Login with Valid Credentials                        # Featurefolder/Login.feature:4
    Given User Launch Chrome browser                                       # Steps.user_launch_chrome_browser()
      org.openqa.selenium.SessionNotCreatedException: session not created
from timeout: Timed out receiving message from renderer: 600.000
  (Session info: chrome=87.0.4280.88)
Build info: version: '3.141.59', revision: 'e82be7d358', time: '2018-11-14T08:17:03'
System info: host: 'DESKTOP-253U4FA', ip: '10.0.0.223', os.name: 'Windows 10', os.arch: 'amd64', os.version: '10.0', java.version: '1.8.0_191'
Driver info: driver.version: ChromeDriver
remote stacktrace: Backtrace:
	Ordinal0 [0x0078C013+3194899]
	Ordinal0 [0x00676021+2056225]
	Ordinal0 [0x0050F608+587272]
	Ordinal0 [0x005036EC+538348]
	Ordinal0 [0x00502A6F+535151]
	Ordinal0 [0x00502E45+536133]
	Ordinal0 [0x005027A5+534437]
	Ordinal0 [0x0050BBC9+572361]
	Ordinal0 [0x00502754+534356]
	Ordinal0 [0x00503475+537717]
	Ordinal0 [0x00502A6F+535151]
	Ordinal0 [0x00502E45+536133]
	Ordinal0 [0x005027A5+534437]
	Ordinal0 [0x00509EFE+564990]
	Ordinal0 [0x00502754+534356]
	Ordinal0 [0x00503475+537717]
	Ordinal0 [0x00502A6F+535151]
	Ordinal0 [0x00502E45+536133]
	Ordinal0 [0x005027A5+534437]
	Ordinal0 [0x00508186+557446]
	Ordinal0 [0x00502754+534356]
	Ordinal0 [0x00503475+537717]
	Ordinal0 [0x00502A6F+535151]
	Ordinal0 [0x00502E45+536133]
	Ordinal0 [0x005027A5+534437]
	Ordinal0 [0x005074A7+554151]
	Ordinal0 [0x00502754+534356]
	Ordinal0 [0x00503475+537717]
	Ordinal0 [0x00502A6F+535151]
	Ordinal0 [0x00502E45+536133]
	Ordinal0 [0x005027A5+534437]
	Ordinal0 [0x004FF06C+520300]
	Ordinal0 [0x00502754+534356]
	Ordinal0 [0x005025BF+533951]
	Ordinal0 [0x005023D3+533459]
	Ordinal0 [0x00510620+591392]
	Ordinal0 [0x004B2A0C+207372]
	Ordinal0 [0x004B1D0D+204045]
	Ordinal0 [0x004AFC1B+195611]
	Ordinal0 [0x00493B7F+80767]
	Ordinal0 [0x00494B4E+84814]
	Ordinal0 [0x00494AD9+84697]
	Ordinal0 [0x0068CE64+2149988]
	GetHandleVerifier [0x008FBE95+1400773]
	GetHandleVerifier [0x008FBB61+1399953]
	GetHandleVerifier [0x009031FA+1430314]
	GetHandleVerifier [0x008FC69F+1402831]
	Ordinal0 [0x00683D61+2112865]
	Ordinal0 [0x0068E5CB+2155979]
	Ordinal0 [0x0068E6F5+2156277]
	Ordinal0 [0x0069F26E+2224750]
	BaseThreadInitThunk [0x75CEFA29+25]
	RtlGetAppContainerNamedObjectPath [0x77C975F4+228]
	RtlGetAppContainerNamedObjectPath [0x77C975C4+180]

	at sun.reflect.NativeConstructorAccessorImpl.newInstance0(Native Method)
	at sun.reflect.NativeConstructorAccessorImpl.newInstance(NativeConstructorAccessorImpl.java:62)
	at sun.reflect.DelegatingConstructorAccessorImpl.newInstance(DelegatingConstructorAccessorImpl.java:45)
	at java.lang.reflect.Constructor.newInstance(Constructor.java:423)
	at org.openqa.selenium.remote.W3CHandshakeResponse.lambda$errorHandler$0(W3CHandshakeResponse.java:62)
	at org.openqa.selenium.remote.HandshakeResponse.lambda$getResponseFunction$0(HandshakeResponse.java:30)
	at org.openqa.selenium.remote.ProtocolHandshake.lambda$createSession$0(ProtocolHandshake.java:126)
	at java.util.stream.ReferencePipeline$3$1.accept(ReferencePipeline.java:193)
	at java.util.Spliterators$ArraySpliterator.tryAdvance(Spliterators.java:958)
	at java.util.stream.ReferencePipeline.forEachWithCancel(ReferencePipeline.java:126)
	at java.util.stream.AbstractPipeline.copyIntoWithCancel(AbstractPipeline.java:498)
	at java.util.stream.AbstractPipeline.copyInto(AbstractPipeline.java:485)
	at java.util.stream.AbstractPipeline.wrapAndCopyInto(AbstractPipeline.java:471)
	at java.util.stream.FindOps$FindOp.evaluateSequential(FindOps.java:152)
	at java.util.stream.AbstractPipeline.evaluate(AbstractPipeline.java:234)
	at java.util.stream.ReferencePipeline.findFirst(ReferencePipeline.java:464)
	at org.openqa.selenium.remote.ProtocolHandshake.createSession(ProtocolHandshake.java:128)
	at org.openqa.selenium.remote.ProtocolHandshake.createSession(ProtocolHandshake.java:74)
	at org.openqa.selenium.remote.HttpCommandExecutor.execute(HttpCommandExecutor.java:136)
	at org.openqa.selenium.remote.service.DriverCommandExecutor.execute(DriverCommandExecutor.java:83)
	at org.openqa.selenium.remote.RemoteWebDriver.execute(RemoteWebDriver.java:552)
	at org.openqa.selenium.remote.RemoteWebDriver.startSession(RemoteWebDriver.java:213)
	at org.openqa.selenium.remote.RemoteWebDriver.<init>(RemoteWebDriver.java:131)
	at org.openqa.selenium.chrome.ChromeDriver.<init>(ChromeDriver.java:181)
	at org.openqa.selenium.chrome.ChromeDriver.<init>(ChromeDriver.java:168)
	at org.openqa.selenium.chrome.ChromeDriver.<init>(ChromeDriver.java:123)
	at stepdefinitions.Steps.user_launch_chrome_browser(Steps.java:21)
	at ?.User Launch Chrome browser(file:Featurefolder/Login.feature:5)

    When User opens URL "http://admin-demo.nopcommerce.com/login"          # Steps.user_opens_url(String)
    And User enters Email as "admin@yourstore.com" and Password as "admin" # Steps.user_enters_email_as_and_password_as(String,String)
    And Click on Login                                                     # Steps.click_on_login()
    Then Page Title should be "Dashboard / nopCommerce administration"     # Steps.page_title_should_be(String)
    When User click on Log out link                                        # Steps.user_click_on_log_out_link()
    Then Page Title should be "Your store. Login"                          # Steps.page_title_should_be(String)
    And close browser                                                      # Steps.close_browser()
]]></system-out>
    <system-err><![CDATA[Dec 15, 2020 5:18:05 PM cucumber.runtime.java.ObjectFactoryLoader loadSingleObjectFactory
WARNING: Use deprecated reflections to load ObjectFactory.
Starting ChromeDriver 86.0.4240.22 (398b0743353ff36fb1b82468f63a3a93b4e2e89e-refs/branch-heads/4240@{#378}) on port 39328
Only local connections are allowed.
Please see https://chromedriver.chromium.org/security-considerations for suggestions on keeping ChromeDriver safe.
ChromeDriver was started successfully.
[1608074287.238][WARNING]: This version of ChromeDriver has not been tested with Chrome version 87.
[1608074889.280][SEVERE]: Timed out receiving message from renderer: 600.000
]]></system-err>
  </testcase>
  <testcase name="Login Data Driven" classname="Login" time="16.987"/>
  <testcase name="Login Data Driven" classname="Login" time="8.598">
    <failure type="junit.framework.AssertionFailedError">junit.framework.AssertionFailedError
</failure>
    <system-out><![CDATA[
  Scenario Outline: Login Data Driven                                          # Featurefolder/Login.feature:27
    Given User Launch Chrome browser                                           # Steps.user_launch_chrome_browser()
    When User opens URL "http://admin-demo.nopcommerce.com/login"              # Steps.user_opens_url(String)
    And User enters Email as "admin1@yourstore.com" and Password as "admin123" # Steps.user_enters_email_as_and_password_as(String,String)
    And Click on Login                                                         # Steps.click_on_login()
    Then Page Title should be "Dashboard / nopCommerce administration"         # Steps.page_title_should_be(String)
      junit.framework.AssertionFailedError
	at junit.framework.Assert.fail(Assert.java:55)
	at junit.framework.Assert.assertTrue(Assert.java:22)
	at junit.framework.Assert.assertTrue(Assert.java:31)
	at stepdefinitions.Steps.page_title_should_be(Steps.java:52)
	at ?.Page Title should be "Dashboard / nopCommerce administration"(file:Featurefolder/Login.feature:19)

    When User click on Log out link                                            # Steps.user_click_on_log_out_link()
    Then Page Title should be "Your store. Login"                              # Steps.page_title_should_be(String)
    And close browser                                                          # Steps.close_browser()
]]></system-out>
    <system-err><![CDATA[Starting ChromeDriver 86.0.4240.22 (398b0743353ff36fb1b82468f63a3a93b4e2e89e-refs/branch-heads/4240@{#378}) on port 48084
Only local connections are allowed.
Please see https://chromedriver.chromium.org/security-considerations for suggestions on keeping ChromeDriver safe.
ChromeDriver was started successfully.
[1608074908.343][WARNING]: This version of ChromeDriver has not been tested with Chrome version 87.
Dec 15, 2020 5:28:30 PM org.openqa.selenium.remote.ProtocolHandshake createSession
INFO: Detected dialect: W3C
]]></system-err>
  </testcase>
</testsuite>